c:\users\natalia cheba\desktop\projekt_ja\rozmycie\rozmycie\debug\rozmycie.pch
c:\users\natalia cheba\desktop\projekt_ja\rozmycie\rozmycie\debug\vc141.pdb
c:\users\natalia cheba\desktop\projekt_ja\rozmycie\rozmycie\debug\vc141.idb
c:\users\natalia cheba\desktop\projekt_ja\rozmycie\rozmycie\debug\stdafx.obj
c:\users\natalia cheba\desktop\projekt_ja\rozmycie\rozmycie\debug\dllmain.obj
c:\users\natalia cheba\desktop\projekt_ja\rozmycie\rozmycie\debug\rozmycie.obj
c:\users\natalia cheba\desktop\projekt_ja\rozmycie\debug\rozmycie.dll
c:\users\natalia cheba\desktop\projekt_ja\rozmycie\debug\rozmycie.ilk
c:\users\natalia cheba\desktop\projekt_ja\rozmycie\debug\rozmycie.pdb
c:\users\natalia cheba\desktop\projekt_ja\rozmycie\debug\rozmycie.lib
c:\users\natalia cheba\desktop\projekt_ja\rozmycie\debug\rozmycie.exp
c:\users\natalia cheba\desktop\projekt_ja\rozmycie\rozmycie\debug\rozmycie.tlog\cl.command.1.tlog
c:\users\natalia cheba\desktop\projekt_ja\rozmycie\rozmycie\debug\rozmycie.tlog\cl.read.1.tlog
c:\users\natalia cheba\desktop\projekt_ja\rozmycie\rozmycie\debug\rozmycie.tlog\cl.write.1.tlog
c:\users\natalia cheba\desktop\projekt_ja\rozmycie\rozmycie\debug\rozmycie.tlog\link.1272.delete.1.tlog
c:\users\natalia cheba\desktop\projekt_ja\rozmycie\rozmycie\debug\rozmycie.tlog\link.19308.delete.1.tlog
c:\users\natalia cheba\desktop\projekt_ja\rozmycie\rozmycie\debug\rozmycie.tlog\link.command.1.tlog
c:\users\natalia cheba\desktop\projekt_ja\rozmycie\rozmycie\debug\rozmycie.tlog\link.read.1.tlog
c:\users\natalia cheba\desktop\projekt_ja\rozmycie\rozmycie\debug\rozmycie.tlog\link.write.1.tlog
c:\users\natalia cheba\desktop\projekt_ja\rozmycie\rozmycie\debug\rozmycie.tlog\rozmycie.write.1u.tlog
